<?xml version="1.0" encoding="UTF-8"?>
<!-- Generated by org.testng.reporters.JUnitReportReporter -->
<testsuite hostname="DESKTOP-C7ALN6B" failures="0" tests="6" name="com.qc.testng.tests.RegisterTest" time="5.732" errors="0" timestamp="2023-10-25T08:52:33 IST" skipped="0">
  <testcase classname="com.qc.testng.tests.RegisterTest" name="doRegister" time="0.758"/>
  <system-out/>
  <testcase classname="com.qc.testng.tests.RegisterTest" name="doRegister" time="1.028"/>
  <system-out/>
  <testcase classname="com.qc.testng.tests.RegisterTest" name="doRegister" time="1.055"/>
  <system-out/>
  <testcase classname="com.qc.testng.tests.RegisterTest" name="doRegister" time="0.908"/>
  <system-out/>
  <testcase classname="com.qc.testng.tests.RegisterTest" name="doRegister" time="0.954"/>
  <system-out/>
  <testcase classname="com.qc.testng.tests.RegisterTest" name="doRegister" time="1.029"/>
  <system-out/>
</testsuite> <!-- com.qc.testng.tests.RegisterTest -->
