<?xml version="1.0" encoding="UTF-8"?>
<!-- Generated by org.testng.reporters.JUnitReportReporter -->
<testsuite hostname="DESKTOP-C7ALN6B" failures="0" tests="7" name="com.qc.testng.tests.LoginTest" time="5.336" errors="0" timestamp="2023-10-25T08:52:33 IST" skipped="0">
  <testcase classname="com.qc.testng.tests.LoginTest" name="doLogin" time="0.875"/>
  <system-out/>
  <testcase classname="com.qc.testng.tests.LoginTest" name="doLogin" time="0.627"/>
  <system-out/>
  <testcase classname="com.qc.testng.tests.LoginTest" name="doLogin" time="0.598"/>
  <system-out/>
  <testcase classname="com.qc.testng.tests.LoginTest" name="doLogin" time="0.504"/>
  <system-out/>
  <testcase classname="com.qc.testng.tests.LoginTest" name="doLogin" time="0.848"/>
  <system-out/>
  <testcase classname="com.qc.testng.tests.LoginTest" name="doLogin" time="0.561"/>
  <system-out/>
  <testcase classname="com.qc.testng.tests.LoginTest" name="doLogin" time="1.323"/>
  <system-out/>
</testsuite> <!-- com.qc.testng.tests.LoginTest -->
